[prepare] 2511.13936
  inputs: {"paper_id": "2511.13936", "title": "Preference-Based Learning in Audio Applications: A Systematic Analysis", "reference_count": 83, "has_bbl": true, "has_metadata_jsonl": true, "has_bib": true}
[run] 2511.13936
  summary: {"top_level_nodes": 6, "ledger_count": 76, "unassigned_count": 8, "missing_in_ledger": 0, "mismatch_count": 0, "output_keys": ["artifact_alias", "artifact_type", "inputs", "nodes", "paper_id", "ref_assignment_ledger", "source_mode", "title", "unassigned_refs"]}
scripts/run_outline_induction_ir_loop.sh: line 1: 53397 Terminated: 15          "${codex_cmd[@]}" < "$prompt_path" > "$log_prefix.exec.log" 2>&1
[prepare] 2310.07264
  inputs: {"paper_id": "2310.07264", "title": "Who k", "reference_count": 107, "has_bbl": false, "has_metadata_jsonl": true, "has_bib": true}
[run] 2310.07264
  summary: {"top_level_nodes": 5, "ledger_count": 107, "unassigned_count": 0, "missing_in_ledger": 0, "mismatch_count": 0, "output_keys": ["artifact_alias", "artifact_type", "inputs", "nodes", "paper_id", "ref_assignment_ledger", "source_mode", "title", "unassigned_refs"]}
scripts/run_outline_induction_ir_loop.sh: line 1: 53425 Terminated: 15          "${codex_cmd[@]}" < "$prompt_path" > "$log_prefix.exec.log" 2>&1
[prepare] 2510.01145
  inputs: {"paper_id": "2510.01145", "title": "Automatic Speech Recognition (ASR) for African Low-Resource Languages: A Systematic Literature Review", "reference_count": 94, "has_bbl": true, "has_metadata_jsonl": true, "has_bib": true}
[run] 2510.01145
  summary: {"top_level_nodes": 5, "ledger_count": 113, "unassigned_count": 0, "missing_in_ledger": 0, "mismatch_count": 0, "output_keys": ["artifact_alias", "artifact_type", "inputs", "nodes", "paper_id", "ref_assignment_ledger", "source_mode", "title", "unassigned_refs"]}
scripts/run_outline_induction_ir_loop.sh: line 1: 53440 Terminated: 15          "${codex_cmd[@]}" < "$prompt_path" > "$log_prefix.exec.log" 2>&1
[prepare] 2503.04799
  inputs: {"paper_id": "2503.04799", "title": "Direct Speech to Speech Translation: A Review", "reference_count": 131, "has_bbl": false, "has_metadata_jsonl": true, "has_bib": true}
[run] 2503.04799
  summary: {"top_level_nodes": 5, "ledger_count": 131, "unassigned_count": 0, "missing_in_ledger": 0, "mismatch_count": 0, "output_keys": ["artifact_alias", "artifact_type", "inputs", "nodes", "paper_id", "ref_assignment_ledger", "source_mode", "title", "unassigned_refs"]}
scripts/run_outline_induction_ir_loop.sh: line 1: 53466 Terminated: 15          "${codex_cmd[@]}" < "$prompt_path" > "$log_prefix.exec.log" 2>&1
[prepare] 2312.05172
  inputs: {"paper_id": "2312.05172", "title": "From Lengthy to Lucid: A Systematic Literature Review on NLP Techniques for Taming Long Sentences", "reference_count": 149, "has_bbl": false, "has_metadata_jsonl": true, "has_bib": false}
[run] 2312.05172
  summary: {"top_level_nodes": 5, "ledger_count": 149, "unassigned_count": 0, "missing_in_ledger": 0, "mismatch_count": 0, "output_keys": ["artifact_alias", "artifact_type", "inputs", "nodes", "paper_id", "ref_assignment_ledger", "source_mode", "title", "unassigned_refs"]}
scripts/run_outline_induction_ir_loop.sh: line 1: 53481 Terminated: 15          "${codex_cmd[@]}" < "$prompt_path" > "$log_prefix.exec.log" 2>&1

Processed: 5
  - 2511.13936
  - 2310.07264
  - 2510.01145
  - 2503.04799
  - 2312.05172
Skipped: 0
Failed: 0
