[prepare] 2409.13738
  inputs: {"paper_id": "2409.13738", "title": "Title label1", "reference_count": 84, "has_bbl": false, "has_metadata_jsonl": true, "has_bib": true}
[run] 2409.13738
  summary: {"top_level_nodes": 8, "ledger_count": 72, "unassigned_count": 11, "missing_in_ledger": 0, "mismatch_count": 0, "output_keys": ["artifact_alias", "artifact_type", "inputs", "nodes", "paper_id", "ref_assignment_ledger", "source_mode", "title", "unassigned_refs"]}
scripts/run_outline_induction_ir_loop.sh: line 1: 66917 Terminated: 15          "${codex_cmd[@]}" < "$prompt_path" > "$log_prefix.exec.log" 2>&1
[prepare] 2507.18910
  inputs: {"paper_id": "2507.18910", "title": "A Systematic Review of Key Retrieval-Augmented Generation (RAG) Systems:\\\\ Progress, Gaps, and Future Directions\\\\[2em]", "reference_count": 151, "has_bbl": false, "has_metadata_jsonl": true, "has_bib": true}
[run] 2507.18910
  summary: {"top_level_nodes": 5, "ledger_count": 151, "unassigned_count": 0, "missing_in_ledger": 0, "mismatch_count": 0, "output_keys": ["artifact_alias", "artifact_type", "inputs", "nodes", "paper_id", "ref_assignment_ledger", "source_mode", "title", "unassigned_refs"]}
scripts/run_outline_induction_ir_loop.sh: line 1: 66941 Terminated: 15          "${codex_cmd[@]}" < "$prompt_path" > "$log_prefix.exec.log" 2>&1
[prepare] 2509.11446
  inputs: {"paper_id": "2509.11446", "title": "Title label1", "reference_count": 164, "has_bbl": false, "has_metadata_jsonl": true, "has_bib": true}
[run] 2509.11446
  summary: {"top_level_nodes": 5, "ledger_count": 164, "unassigned_count": 0, "missing_in_ledger": 0, "mismatch_count": 0, "output_keys": ["artifact_alias", "artifact_type", "inputs", "nodes", "paper_id", "ref_assignment_ledger", "source_mode", "title", "unassigned_refs"]}
scripts/run_outline_induction_ir_loop.sh: line 1: 66961 Terminated: 15          "${codex_cmd[@]}" < "$prompt_path" > "$log_prefix.exec.log" 2>&1
[prepare] 2507.07741
  inputs: {"paper_id": "2507.07741", "title": "Code-Switching in End-to-End Automatic Speech Recognition: \\\\ A Systematic Literature Review", "reference_count": 188, "has_bbl": false, "has_metadata_jsonl": true, "has_bib": true}
[run] 2507.07741
  summary: {"top_level_nodes": 5, "ledger_count": 188, "unassigned_count": 1, "missing_in_ledger": 0, "mismatch_count": 0, "output_keys": ["artifact_alias", "artifact_type", "inputs", "nodes", "paper_id", "ref_assignment_ledger", "source_mode", "title", "unassigned_refs"]}
scripts/run_outline_induction_ir_loop.sh: line 1: 66986 Terminated: 15          "${codex_cmd[@]}" < "$prompt_path" > "$log_prefix.exec.log" 2>&1
[prepare] 2401.09244
  inputs: {"paper_id": "2401.09244", "title": "Cross-lingual HS Survey", "reference_count": 196, "has_bbl": true, "has_metadata_jsonl": true, "has_bib": true}
[run] 2401.09244
  summary: {"top_level_nodes": 5, "ledger_count": 207, "unassigned_count": 0, "missing_in_ledger": 0, "mismatch_count": 0, "output_keys": ["artifact_alias", "artifact_type", "inputs", "nodes", "paper_id", "ref_assignment_ledger", "source_mode", "title", "unassigned_refs"]}
scripts/run_outline_induction_ir_loop.sh: line 1: 67011 Terminated: 15          "${codex_cmd[@]}" < "$prompt_path" > "$log_prefix.exec.log" 2>&1

Processed: 5
  - 2409.13738
  - 2507.18910
  - 2509.11446
  - 2507.07741
  - 2401.09244
Skipped: 0
Failed: 0
